[02:00:18] [Client thread/INFO]: Setting user: Player78
[02:00:18] [Client thread/INFO]: (Session ID is token:0:Player78)
[02:00:19] [Client thread/INFO]: LWJGL Version: 2.9.4
[02:00:19] [Client thread/INFO]: Reloading ResourceManager: Default
[02:00:20] [Sound Library Loader/INFO]: Starting up SoundSystem...
[02:00:20] [Thread-8/INFO]: Initializing LWJGL OpenAL
[02:00:20] [Thread-8/INFO]: (The LWJGL binding of OpenAL.  For more information, see http://www.lwjgl.org)
[02:00:20] [Thread-8/ERROR]: Error in class 'LibraryLWJGLOpenAL'
[02:00:20] [Thread-8/ERROR]: Unable to initialize OpenAL.  Probable cause: OpenAL not supported.
[02:00:20] [Thread-8/WARN]: ERROR MESSAGE:
[02:00:20] [Thread-8/INFO]: Could not locate OpenAL library.
[02:00:20] [Thread-8/WARN]: STACK TRACE:
[02:00:20] [Thread-8/INFO]: org.lwjgl.openal.AL.create(AL.java:156)
[02:00:20] [Thread-8/INFO]: org.lwjgl.openal.AL.create(AL.java:102)
[02:00:20] [Thread-8/INFO]: org.lwjgl.openal.AL.create(AL.java:206)
[02:00:20] [Thread-8/INFO]: paulscode.sound.libraries.LibraryLWJGLOpenAL.init(LibraryLWJGLOpenAL.java:164)
[02:00:20] [Thread-8/INFO]: paulscode.sound.SoundSystem.CommandNewLibrary(SoundSystem.java:1576)
[02:00:20] [Thread-8/INFO]: paulscode.sound.SoundSystem.CommandQueue(SoundSystem.java:2572)
[02:00:20] [Thread-8/INFO]: paulscode.sound.CommandThread.run(CommandThread.java:121)
[02:00:20] [Sound Library Loader/WARN]: ERROR MESSAGE:
[02:00:20] [Sound Library Loader/INFO]: Could not locate OpenAL library.
[02:00:20] [Sound Library Loader/INFO]: Starting up SoundSystem...
[02:00:20] [Thread-10/INFO]: Switching to No Sound
[02:00:20] [Thread-10/INFO]: (Silent Mode)
[02:00:21] [Sound Library Loader/INFO]: Sound engine started
[02:00:21] [Client thread/INFO]: Created: 1024x512 textures-atlas
[02:02:16] [Server thread/INFO]: Starting integrated minecraft server version 1.8.8
[02:02:16] [Server thread/INFO]: Generating keypair
[02:02:16] [Server thread/INFO]: Preparing start region for level 0
[02:02:17] [Server thread/INFO]: Changing view distance to 8, from 10
[02:02:17] [Server thread/INFO]: Player78[local:E:f8ebfc4d] logged in with entity id 366 at (-551.6577229530939, 70.0, 935.8217248416386)
[02:02:17] [Server thread/INFO]: Player78 joined the game
[02:02:18] [Server thread/INFO]: Saving and pausing game...
[02:02:18] [Server thread/INFO]: Saving chunks for level 'mcpworld'/Overworld
[02:02:18] [Server thread/INFO]: Saving chunks for level 'mcpworld'/Nether
[02:02:18] [Server thread/INFO]: Saving chunks for level 'mcpworld'/The End
[02:02:18] [Client thread/FATAL]: Error executing task
java.util.concurrent.ExecutionException: java.util.ConcurrentModificationException
	at java.util.concurrent.FutureTask.report(FutureTask.java:122) ~[?:1.8.0_412]
	at java.util.concurrent.FutureTask.get(FutureTask.java:192) ~[?:1.8.0_412]
	at net.minecraft.util.Util.func_181617_a(Util.java:20) [bin/:?]
	at net.minecraft.client.Minecraft.runGameLoop(Minecraft.java:1112) [bin/:?]
	at net.minecraft.client.Minecraft.run(Minecraft.java:428) [bin/:?]
	at net.minecraft.client.main.Main.main(Main.java:113) [bin/:?]
	at Start.main(Start.java:11) [bin/:?]
Caused by: java.util.ConcurrentModificationException
	at java.util.HashMap$HashIterator.nextNode(HashMap.java:1469) ~[?:1.8.0_412]
	at java.util.HashMap$KeyIterator.next(HashMap.java:1493) ~[?:1.8.0_412]
	at net.minecraft.util.ClassInheritanceMultiMap.<init>(ClassInheritanceMultiMap.java:27) ~[bin/:?]
	at net.minecraft.world.chunk.Chunk.<init>(Chunk.java:124) ~[bin/:?]
	at net.minecraft.client.multiplayer.ChunkProviderClient.loadChunk(ChunkProviderClient.java:69) ~[bin/:?]
	at net.minecraft.client.multiplayer.WorldClient.doPreChunk(WorldClient.java:160) ~[bin/:?]
	at net.minecraft.client.network.NetHandlerPlayClient.handleMapChunkBulk(NetHandlerPlayClient.java:1348) ~[bin/:?]
	at net.minecraft.network.play.server.S26PacketMapChunkBulk.processPacket(S26PacketMapChunkBulk.java:91) ~[bin/:?]
	at net.minecraft.network.play.server.S26PacketMapChunkBulk.processPacket(S26PacketMapChunkBulk.java:1) ~[bin/:?]
	at net.minecraft.network.PacketThreadUtil$1.run(PacketThreadUtil.java:15) ~[bin/:?]
	at java.util.concurrent.Executors$RunnableAdapter.call(Executors.java:511) ~[?:1.8.0_412]
	at java.util.concurrent.FutureTask.run(FutureTask.java:266) ~[?:1.8.0_412]
	at net.minecraft.util.Util.func_181617_a(Util.java:19) ~[bin/:?]
	... 4 more
[02:02:18] [Client thread/INFO]: [CHAT] §eEduCraft§7: §cC:/EduCraft/main.c: In function 'main':
[02:02:18] [Client thread/INFO]: [CHAT] §eEduCraft§7: §cC:/EduCraft/main.c:14:9: warning: implicit declara
[02:02:18] [Client thread/INFO]: [CHAT] §eEduCraft§7: §ction of function 'setblock'; did you mean 'setBloc
[02:02:18] [Client thread/INFO]: [CHAT] §eEduCraft§7: §ck'? [-Wimplicit-function-declaration]
[02:02:18] [Client thread/INFO]: [CHAT] §eEduCraft§7: §c   14 |         setblock(id,x,y,z,block_name,block
[02:02:18] [Client thread/INFO]: [CHAT] §eEduCraft§7: §c_id);
[02:02:18] [Client thread/INFO]: [CHAT] §eEduCraft§7: §c      |         ^~~~~~~~
[02:02:18] [Client thread/INFO]: [CHAT] §eEduCraft§7: §c      |         setBlock
[02:02:18] [Client thread/INFO]: [CHAT] §eEduCraft§7: §cC:/EduCraft/bin/../lib/gcc/x86_64-w64-mingw32/13.2
[02:02:18] [Client thread/INFO]: [CHAT] §eEduCraft§7: §c.0/../../../../x86_64-w64-mingw32/bin/ld.exe: C:\U
[02:02:18] [Client thread/INFO]: [CHAT] §eEduCraft§7: §csers\yztim\AppData\Local\Temp\ccsDTFX2.o:main.c:(.
[02:02:18] [Client thread/INFO]: [CHAT] §eEduCraft§7: §ctext+0x5c): undefined reference to `setblock'
[02:02:18] [Client thread/INFO]: [CHAT] §eEduCraft§7: §ccollect2.exe: error: ld returned 1 exit status
[02:02:18] [Client thread/INFO]: [CHAT] §eEduCraft§7: コンパイルに失敗しました
[02:02:25] [Server thread/INFO]: Player78 has just earned the achievement [Taking Inventory]
[02:02:25] [Client thread/INFO]: [CHAT] Player78 has just earned the achievement [Taking Inventory]
[02:02:28] [Client thread/INFO]: [CHAT] §eEduCraft§7: §cC:/EduCraft/main.c: In function 'main':
[02:02:28] [Client thread/INFO]: [CHAT] §eEduCraft§7: §cC:/EduCraft/main.c:14:9: warning: implicit declara
[02:02:28] [Client thread/INFO]: [CHAT] §eEduCraft§7: §ction of function 'setblock'; did you mean 'setBloc
[02:02:28] [Client thread/INFO]: [CHAT] §eEduCraft§7: §ck'? [-Wimplicit-function-declaration]
[02:02:28] [Client thread/INFO]: [CHAT] §eEduCraft§7: §c   14 |         setblock(id,x,y,z,block_name,block
[02:02:28] [Client thread/INFO]: [CHAT] §eEduCraft§7: §c_id);
[02:02:28] [Client thread/INFO]: [CHAT] §eEduCraft§7: §c      |         ^~~~~~~~
[02:02:28] [Client thread/INFO]: [CHAT] §eEduCraft§7: §c      |         setBlock
[02:02:28] [Client thread/INFO]: [CHAT] §eEduCraft§7: §cC:/EduCraft/bin/../lib/gcc/x86_64-w64-mingw32/13.2
[02:02:28] [Client thread/INFO]: [CHAT] §eEduCraft§7: §c.0/../../../../x86_64-w64-mingw32/bin/ld.exe: C:\U
[02:02:28] [Client thread/INFO]: [CHAT] §eEduCraft§7: §csers\yztim\AppData\Local\Temp\cceObm66.o:main.c:(.
[02:02:28] [Client thread/INFO]: [CHAT] §eEduCraft§7: §ctext+0x5c): undefined reference to `setblock'
[02:02:28] [Client thread/INFO]: [CHAT] §eEduCraft§7: §ccollect2.exe: error: ld returned 1 exit status
[02:02:28] [Client thread/INFO]: [CHAT] §eEduCraft§7: コンパイルに失敗しました
[02:03:35] [Client thread/INFO]: [CHAT] §eEduCraft§7: §cC:/EduCraft/bin/../lib/gcc/x86_64-w64-mingw32/13.2
[02:03:35] [Client thread/INFO]: [CHAT] §eEduCraft§7: §c.0/../../../../x86_64-w64-mingw32/bin/ld.exe: C:\U
[02:03:35] [Client thread/INFO]: [CHAT] §eEduCraft§7: §csers\yztim\AppData\Local\Temp\cc8vfLOE.o:main.c:(.
[02:03:35] [Client thread/INFO]: [CHAT] §eEduCraft§7: §ctext+0x5c): undefined reference to `setBlock'
[02:03:35] [Client thread/INFO]: [CHAT] §eEduCraft§7: §ccollect2.exe: error: ld returned 1 exit status
[02:03:35] [Client thread/INFO]: [CHAT] §eEduCraft§7: コンパイルに失敗しました
[02:03:35] [Client thread/INFO]: [CHAT] §eEduCraft§7: §cC:/EduCraft/bin/../lib/gcc/x86_64-w64-mingw32/13.2
[02:03:35] [Client thread/INFO]: [CHAT] §eEduCraft§7: §c.0/../../../../x86_64-w64-mingw32/bin/ld.exe: C:\U
[02:03:35] [Client thread/INFO]: [CHAT] §eEduCraft§7: §csers\yztim\AppData\Local\Temp\ccOrWgY6.o:main.c:(.
[02:03:35] [Client thread/INFO]: [CHAT] §eEduCraft§7: §ctext+0x5c): undefined reference to `setBlock'
[02:03:35] [Client thread/INFO]: [CHAT] §eEduCraft§7: §ccollect2.exe: error: ld returned 1 exit status
[02:03:35] [Client thread/INFO]: [CHAT] §eEduCraft§7: コンパイルに失敗しました
