[20:34:53] [Client thread/INFO]: Setting user: Player31
[20:34:53] [Client thread/INFO]: (Session ID is token:0:Player31)
[20:34:54] [Client thread/INFO]: LWJGL Version: 2.9.4
[20:34:55] [Client thread/INFO]: Reloading ResourceManager: Default
[20:34:55] [Sound Library Loader/INFO]: Starting up SoundSystem...
[20:34:56] [Thread-8/INFO]: Initializing LWJGL OpenAL
[20:34:56] [Thread-8/INFO]: (The LWJGL binding of OpenAL.  For more information, see http://www.lwjgl.org)
[20:34:56] [Thread-8/ERROR]: Error in class 'LibraryLWJGLOpenAL'
[20:34:56] [Thread-8/ERROR]: Unable to initialize OpenAL.  Probable cause: OpenAL not supported.
[20:34:56] [Thread-8/WARN]: ERROR MESSAGE:
[20:34:56] [Thread-8/INFO]: Could not locate OpenAL library.
[20:34:56] [Thread-8/WARN]: STACK TRACE:
[20:34:56] [Thread-8/INFO]: org.lwjgl.openal.AL.create(AL.java:156)
[20:34:56] [Thread-8/INFO]: org.lwjgl.openal.AL.create(AL.java:102)
[20:34:56] [Thread-8/INFO]: org.lwjgl.openal.AL.create(AL.java:206)
[20:34:56] [Thread-8/INFO]: paulscode.sound.libraries.LibraryLWJGLOpenAL.init(LibraryLWJGLOpenAL.java:164)
[20:34:56] [Thread-8/INFO]: paulscode.sound.SoundSystem.CommandNewLibrary(SoundSystem.java:1576)
[20:34:56] [Thread-8/INFO]: paulscode.sound.SoundSystem.CommandQueue(SoundSystem.java:2572)
[20:34:56] [Thread-8/INFO]: paulscode.sound.CommandThread.run(CommandThread.java:121)
[20:34:56] [Sound Library Loader/WARN]: ERROR MESSAGE:
[20:34:56] [Sound Library Loader/INFO]: Could not locate OpenAL library.
[20:34:56] [Sound Library Loader/INFO]: Starting up SoundSystem...
[20:34:56] [Thread-10/INFO]: Switching to No Sound
[20:34:56] [Thread-10/INFO]: (Silent Mode)
[20:34:57] [Sound Library Loader/INFO]: Sound engine started
[20:35:00] [Client thread/INFO]: Created: 1024x512 textures-atlas
[20:35:04] [Server thread/INFO]: Starting integrated minecraft server version 1.8.8
[20:35:04] [Server thread/INFO]: Generating keypair
[20:35:04] [Server thread/INFO]: Preparing start region for level 0
[20:35:05] [Server thread/INFO]: Changing view distance to 8, from 10
[20:35:05] [Server thread/INFO]: Player31[local:E:aa58125d] logged in with entity id 627 at (-273.6330863446673, 68.0, -744.841014700026)
[20:35:05] [Server thread/INFO]: Player31 joined the game
[20:35:06] [Server thread/INFO]: Saving and pausing game...
[20:35:06] [Server thread/INFO]: Saving chunks for level 'mcpworld'/Overworld
[20:35:06] [Server thread/INFO]: Saving chunks for level 'mcpworld'/Nether
[20:35:06] [Server thread/INFO]: Saving chunks for level 'mcpworld'/The End
[20:35:06] [Client thread/FATAL]: Error executing task
java.util.concurrent.ExecutionException: java.util.ConcurrentModificationException
	at java.util.concurrent.FutureTask.report(FutureTask.java:122) ~[?:1.8.0_412]
	at java.util.concurrent.FutureTask.get(FutureTask.java:192) ~[?:1.8.0_412]
	at net.minecraft.util.Util.func_181617_a(Util.java:20) [bin/:?]
	at net.minecraft.client.Minecraft.runGameLoop(Minecraft.java:1112) [bin/:?]
	at net.minecraft.client.Minecraft.run(Minecraft.java:428) [bin/:?]
	at net.minecraft.client.main.Main.main(Main.java:113) [bin/:?]
	at Start.main(Start.java:11) [bin/:?]
Caused by: java.util.ConcurrentModificationException
	at java.util.HashMap$HashIterator.nextNode(HashMap.java:1469) ~[?:1.8.0_412]
	at java.util.HashMap$KeyIterator.next(HashMap.java:1493) ~[?:1.8.0_412]
	at net.minecraft.util.ClassInheritanceMultiMap.<init>(ClassInheritanceMultiMap.java:27) ~[bin/:?]
	at net.minecraft.world.chunk.Chunk.<init>(Chunk.java:124) ~[bin/:?]
	at net.minecraft.client.multiplayer.ChunkProviderClient.loadChunk(ChunkProviderClient.java:69) ~[bin/:?]
	at net.minecraft.client.multiplayer.WorldClient.doPreChunk(WorldClient.java:160) ~[bin/:?]
	at net.minecraft.client.network.NetHandlerPlayClient.handleMapChunkBulk(NetHandlerPlayClient.java:1348) ~[bin/:?]
	at net.minecraft.network.play.server.S26PacketMapChunkBulk.processPacket(S26PacketMapChunkBulk.java:91) ~[bin/:?]
	at net.minecraft.network.play.server.S26PacketMapChunkBulk.processPacket(S26PacketMapChunkBulk.java:1) ~[bin/:?]
	at net.minecraft.network.PacketThreadUtil$1.run(PacketThreadUtil.java:15) ~[bin/:?]
	at java.util.concurrent.Executors$RunnableAdapter.call(Executors.java:511) ~[?:1.8.0_412]
	at java.util.concurrent.FutureTask.run(FutureTask.java:266) ~[?:1.8.0_412]
	at net.minecraft.util.Util.func_181617_a(Util.java:19) ~[bin/:?]
	... 4 more
[20:36:58] [Server thread/INFO]: Saving and pausing game...
[20:36:58] [Server thread/INFO]: Saving chunks for level 'mcpworld'/Overworld
[20:36:59] [Server thread/INFO]: Saving chunks for level 'mcpworld'/Nether
[20:36:59] [Server thread/INFO]: Saving chunks for level 'mcpworld'/The End
[20:37:30] [Server thread/INFO]: Saving and pausing game...
[20:37:30] [Server thread/INFO]: Saving chunks for level 'mcpworld'/Overworld
[20:37:30] [Server thread/INFO]: Saving chunks for level 'mcpworld'/Nether
[20:37:30] [Server thread/INFO]: Saving chunks for level 'mcpworld'/The End
[20:37:34] [Server thread/INFO]: Saving and pausing game...
[20:37:34] [Server thread/INFO]: Saving chunks for level 'mcpworld'/Overworld
[20:37:34] [Server thread/INFO]: Saving chunks for level 'mcpworld'/Nether
[20:37:34] [Server thread/INFO]: Saving chunks for level 'mcpworld'/The End
[20:38:28] [Server thread/INFO]: Saving and pausing game...
[20:38:28] [Server thread/INFO]: Saving chunks for level 'mcpworld'/Overworld
[20:38:28] [Server thread/INFO]: Saving chunks for level 'mcpworld'/Nether
[20:38:28] [Server thread/INFO]: Saving chunks for level 'mcpworld'/The End
