[12:21:34] [Client thread/INFO]: Setting user: Player125
[12:21:34] [Client thread/INFO]: (Session ID is token:0:Player125)
[12:21:36] [Client thread/INFO]: LWJGL Version: 2.9.4
[12:21:36] [Client thread/INFO]: Reloading ResourceManager: Default
[12:21:37] [Sound Library Loader/INFO]: Starting up SoundSystem...
[12:21:37] [Thread-8/INFO]: Initializing LWJGL OpenAL
[12:21:37] [Thread-8/INFO]: (The LWJGL binding of OpenAL.  For more information, see http://www.lwjgl.org)
[12:21:37] [Thread-8/INFO]: OpenAL initialized.
[12:21:37] [Sound Library Loader/INFO]: Sound engine started
[12:21:43] [Client thread/INFO]: Created: 1024x512 textures-atlas
[12:21:51] [Server thread/INFO]: Starting integrated minecraft server version 1.8.8
[12:21:51] [Server thread/INFO]: Generating keypair
[12:21:52] [Server thread/INFO]: Preparing start region for level 0
[12:21:53] [Server thread/INFO]: Preparing spawn area: 32%
[12:21:54] [Server thread/INFO]: Preparing spawn area: 98%
[12:21:54] [Server thread/INFO]: Changing view distance to 8, from 10
[12:21:54] [Server thread/INFO]: Player125[local:E:73ce64e4] logged in with entity id 272 at (93.40211843052097, 91.0, 95.28144305323316)
[12:21:54] [Server thread/INFO]: Player125 がゲームに参加しました
[12:21:55] [Client thread/INFO]: [CHAT] §e§lEduCraft§r§fへようこそ！§r §fTABGUIは§e§n矢印キー§r§fで操作できます。
[12:21:55] [Server thread/INFO]: Saving and pausing game...
[12:21:55] [Server thread/INFO]: Saving chunks for level 'mcpworld'/Overworld
[12:21:56] [Server thread/INFO]: Saving chunks for level 'mcpworld'/Nether
[12:21:56] [Server thread/INFO]: Saving chunks for level 'mcpworld'/The End
[12:24:00] [Thread-17/INFO]: [CHAT] §eEduCraft§7: §cC:/EduCraft/main.c: In function 'main':
[12:24:00] [Thread-17/INFO]: [CHAT] §eEduCraft§7: §cC:/EduCraft/main.c:7:31: error: expected ';' before 'return'
[12:24:00] [Thread-17/INFO]: [CHAT] §eEduCraft§7: §c    7 |     printf("\nGood Morning\n")
[12:24:00] [Thread-17/INFO]: [CHAT] §eEduCraft§7: §c      |                               ^
[12:24:00] [Thread-17/INFO]: [CHAT] §eEduCraft§7: §c      |                               ;
[12:24:00] [Thread-17/INFO]: [CHAT] §eEduCraft§7: §c    8 |     return 0;
[12:24:00] [Thread-17/INFO]: [CHAT] §eEduCraft§7: §c      |     ~~~~~~                     
[12:24:01] [Thread-17/INFO]: [CHAT] §eEduCraft§7: コンパイルに失敗しました
[12:24:41] [Thread-18/INFO]: [CHAT] §eEduCraft§7: §cC:/EduCraft/main.c: In function 'main':
[12:24:41] [Thread-18/INFO]: [CHAT] §eEduCraft§7: §cC:/EduCraft/main.c:7:31: error: expected ';' before 'return'
[12:24:41] [Thread-18/INFO]: [CHAT] §eEduCraft§7: §c    7 |     printf("\nGood Morning\n")
[12:24:41] [Thread-18/INFO]: [CHAT] §eEduCraft§7: §c      |                               ^
[12:24:41] [Thread-18/INFO]: [CHAT] §eEduCraft§7: §c      |                               ;
[12:24:41] [Thread-18/INFO]: [CHAT] §eEduCraft§7: §c    8 |     return 0;
[12:24:41] [Thread-18/INFO]: [CHAT] §eEduCraft§7: §c      |     ~~~~~~                     
[12:24:41] [Thread-18/INFO]: [CHAT] §eEduCraft§7: コンパイルに失敗しました
[12:24:50] [Thread-20/INFO]: [CHAT] §eEduCraft§7: §f
[12:24:50] [Thread-20/INFO]: [CHAT] §eEduCraft§7: §fHello World
[12:24:50] [Thread-20/INFO]: [CHAT] §eEduCraft§7: §f
[12:24:50] [Thread-20/INFO]: [CHAT] §eEduCraft§7: §f
[12:24:50] [Thread-20/INFO]: [CHAT] §eEduCraft§7: §fGood Morning
[12:24:50] [Thread-19/INFO]: [CHAT] §eEduCraft§7: 実行が成功しました
[12:24:50] [Client thread/INFO]: [CHAT] そのブロックは設置できません
[12:26:13] [Thread-22/INFO]: [CHAT] §eEduCraft§7: §f
[12:26:13] [Thread-22/INFO]: [CHAT] §eEduCraft§7: §fHello World
[12:26:13] [Thread-22/INFO]: [CHAT] §eEduCraft§7: §f
[12:26:13] [Thread-22/INFO]: [CHAT] §eEduCraft§7: §f
[12:26:13] [Thread-22/INFO]: [CHAT] §eEduCraft§7: §fGood Morning
[12:26:13] [Thread-21/INFO]: [CHAT] §eEduCraft§7: 実行が成功しました
[12:26:13] [Client thread/INFO]: [CHAT] そのブロックは設置できません
[12:26:23] [Server thread/INFO]: Saving and pausing game...
[12:26:23] [Server thread/INFO]: Saving chunks for level 'mcpworld'/Overworld
[12:26:23] [Server thread/INFO]: Saving chunks for level 'mcpworld'/Nether
[12:26:23] [Server thread/INFO]: Saving chunks for level 'mcpworld'/The End
[12:26:37] [Client thread/INFO]: Stopping!
[12:26:37] [Client thread/INFO]: SoundSystem shutting down...
[12:26:37] [Server thread/INFO]: Stopping server
[12:26:37] [Server thread/INFO]: Saving players
[12:26:37] [Server thread/INFO]: Saving worlds
[12:26:37] [Server thread/INFO]: Saving chunks for level 'mcpworld'/Overworld
[12:26:37] [Server thread/INFO]: Saving chunks for level 'mcpworld'/Nether
[12:26:37] [Server thread/INFO]: Saving chunks for level 'mcpworld'/The End
[12:26:37] [Client thread/WARN]: Author: Paul Lamb, www.paulscode.com
[12:27:17] [Client thread/INFO]: Setting user: Player718
[12:27:17] [Client thread/INFO]: (Session ID is token:0:Player718)
