[00:50:33] [Client thread/INFO]: Setting user: Player109
[00:50:33] [Client thread/INFO]: (Session ID is token:0:Player109)
[00:50:33] [Client thread/INFO]: LWJGL Version: 2.9.4
[00:50:34] [Client thread/INFO]: Reloading ResourceManager: Default
[00:50:34] [Sound Library Loader/INFO]: Starting up SoundSystem...
[00:50:34] [Thread-8/INFO]: Initializing LWJGL OpenAL
[00:50:34] [Thread-8/INFO]: (The LWJGL binding of OpenAL.  For more information, see http://www.lwjgl.org)
[00:50:34] [Thread-8/ERROR]: Error in class 'LibraryLWJGLOpenAL'
[00:50:34] [Thread-8/ERROR]: Unable to initialize OpenAL.  Probable cause: OpenAL not supported.
[00:50:34] [Thread-8/WARN]: ERROR MESSAGE:
[00:50:34] [Thread-8/INFO]: Could not locate OpenAL library.
[00:50:34] [Thread-8/WARN]: STACK TRACE:
[00:50:34] [Thread-8/INFO]: org.lwjgl.openal.AL.create(AL.java:156)
[00:50:34] [Thread-8/INFO]: org.lwjgl.openal.AL.create(AL.java:102)
[00:50:34] [Thread-8/INFO]: org.lwjgl.openal.AL.create(AL.java:206)
[00:50:34] [Thread-8/INFO]: paulscode.sound.libraries.LibraryLWJGLOpenAL.init(LibraryLWJGLOpenAL.java:164)
[00:50:34] [Thread-8/INFO]: paulscode.sound.SoundSystem.CommandNewLibrary(SoundSystem.java:1576)
[00:50:34] [Thread-8/INFO]: paulscode.sound.SoundSystem.CommandQueue(SoundSystem.java:2572)
[00:50:34] [Thread-8/INFO]: paulscode.sound.CommandThread.run(CommandThread.java:121)
[00:50:35] [Sound Library Loader/WARN]: ERROR MESSAGE:
[00:50:35] [Sound Library Loader/INFO]: Could not locate OpenAL library.
[00:50:35] [Sound Library Loader/INFO]: Starting up SoundSystem...
[00:50:35] [Thread-10/INFO]: Switching to No Sound
[00:50:35] [Thread-10/INFO]: (Silent Mode)
[00:50:35] [Sound Library Loader/INFO]: Sound engine started
[00:50:35] [Client thread/INFO]: Created: 1024x512 textures-atlas
[00:50:42] [Server thread/INFO]: Starting integrated minecraft server version 1.8.8
[00:50:42] [Server thread/INFO]: Generating keypair
[00:50:42] [Server thread/INFO]: Preparing start region for level 0
[00:50:42] [Server thread/INFO]: Changing view distance to 8, from 10
[00:50:42] [Server thread/INFO]: Player109[local:E:b88b32a6] logged in with entity id 366 at (-516.3043546141018, 69.0, 742.0848041212846)
[00:50:42] [Server thread/INFO]: Player109 è entrato nel gioco
[00:50:43] [Server thread/INFO]: Saving and pausing game...
[00:50:43] [Server thread/INFO]: Saving chunks for level 'mcpworld'/Overworld
[00:50:43] [Server thread/INFO]: Saving chunks for level 'mcpworld'/Nether
[00:50:43] [Server thread/INFO]: Saving chunks for level 'mcpworld'/The End
[00:50:45] [Server thread/INFO]: Saving and pausing game...
[00:50:45] [Server thread/INFO]: Saving chunks for level 'mcpworld'/Overworld
[00:50:45] [Server thread/INFO]: Saving chunks for level 'mcpworld'/Nether
[00:50:45] [Server thread/INFO]: Saving chunks for level 'mcpworld'/The End
[00:50:49] [Server thread/INFO]: Saving and pausing game...
[00:50:49] [Server thread/INFO]: Saving chunks for level 'mcpworld'/Overworld
[00:50:49] [Server thread/INFO]: Saving chunks for level 'mcpworld'/Nether
[00:50:49] [Server thread/INFO]: Saving chunks for level 'mcpworld'/The End
[00:50:57] [Client thread/INFO]: [CHAT] §eEduCraft§7: §cC:/EduCraft/main.c: In function 'main':
[00:50:57] [Client thread/INFO]: [CHAT] §eEduCraft§7: §cC:/EduCraft/main.c:14:17: error: expected ';' befo
[00:50:57] [Client thread/INFO]: [CHAT] §eEduCraft§7: §cre '}' token
[00:50:57] [Client thread/INFO]: [CHAT] §eEduCraft§7: §c   14 |         return 0 //こんにちは
[00:50:57] [Client thread/INFO]: [CHAT] §eEduCraft§7: §c      |                 ^
[00:50:57] [Client thread/INFO]: [CHAT] §eEduCraft§7: §c      |                 ;
[00:50:57] [Client thread/INFO]: [CHAT] §eEduCraft§7: §c   15 | }
[00:50:57] [Client thread/INFO]: [CHAT] §eEduCraft§7: §c      | ~                
[00:50:57] [Client thread/INFO]: [CHAT] §eEduCraft§7: コンパイルに失敗しました
[00:51:07] [Server thread/INFO]: Player109 ha appena guadagnato la conquista [Fare l'Inventario]
[00:51:07] [Client thread/INFO]: [CHAT] Player109 ha appena guadagnato la conquista [Fare l'Inventario]
